# JRE version: OpenJDK Runtime Environment (8.0_112-b06) (build 1.8.0_112-release-b06)
# Java VM: OpenJDK 64-Bit Server VM (25.112-b06 mixed mode windows-amd64 compressed oops)
Heap:
 PSYoungGen      total 271360K, used 251575K [0x00000000e0000000, 0x00000000f7300000, 0x0000000100000000)
  eden space 245760K, 91% used [0x00000000e0000000,0x00000000edcadce8,0x00000000ef000000)
  from space 25600K, 99% used [0x00000000f5a00000,0x00000000f72fff50,0x00000000f7300000)
  to   space 26112K, 0% used [0x00000000ef000000,0x00000000ef000000,0x00000000f0980000)
 ParOldGen       total 122880K, used 47585K [0x00000000a0000000, 0x00000000a7800000, 0x00000000e0000000)
  object space 122880K, 38% used [0x00000000a0000000,0x00000000a2e785a8,0x00000000a7800000)
 Metaspace       used 66193K, capacity 68150K, committed 68480K, reserved 1110016K
  class space    used 8351K, capacity 8730K, committed 8832K, reserved 1048576K
GC Heap History (10 events):
Event: 2752.150 GC heap before
{Heap before GC invocations=19 (full 3):
 PSYoungGen      total 222208K, used 4480K [0x00000000e0000000, 0x00000000ef880000, 0x0000000100000000)
  eden space 202240K, 0% used [0x00000000e0000000,0x00000000e0000000,0x00000000ec580000)
  from space 19968K, 22% used [0x00000000ee500000,0x00000000ee960000,0x00000000ef880000)
  to   space 26112K, 0% used [0x00000000ec580000,0x00000000ec580000,0x00000000edf00000)
 ParOldGen       total 88064K, used 47986K [0x00000000a0000000, 0x00000000a5600000, 0x00000000e0000000)
  object space 88064K, 54% used [0x00000000a0000000,0x00000000a2edca08,0x00000000a5600000)
 Metaspace       used 57177K, capacity 58992K, committed 59136K, reserved 1099776K
  class space    used 7431K, capacity 7817K, committed 7936K, reserved 1048576K
Event: 2752.398 GC heap after
Heap after GC invocations=19 (full 3):
 PSYoungGen      total 222208K, used 0K [0x00000000e0000000, 0x00000000ef880000, 0x0000000100000000)
  eden space 202240K, 0% used [0x00000000e0000000,0x00000000e0000000,0x00000000ec580000)
  from space 19968K, 0% used [0x00000000ee500000,0x00000000ee500000,0x00000000ef880000)
  to   space 26112K, 0% used [0x00000000ec580000,0x00000000ec580000,0x00000000edf00000)
 ParOldGen       total 122880K, used 26485K [0x00000000a0000000, 0x00000000a7800000, 0x00000000e0000000)
  object space 122880K, 21% used [0x00000000a0000000,0x00000000a19dd598,0x00000000a7800000)
 Metaspace       used 56942K, capacity 58612K, committed 59136K, reserved 1099776K
  class space    used 7394K, capacity 7749K, committed 7936K, reserved 1048576K
}
Event: 2766.185 GC heap before
{Heap before GC invocations=20 (full 3):
 PSYoungGen      total 222208K, used 201334K [0x00000000e0000000, 0x00000000ef880000, 0x0000000100000000)
  eden space 202240K, 99% used [0x00000000e0000000,0x00000000ec49d8d0,0x00000000ec580000)
  from space 19968K, 0% used [0x00000000ee500000,0x00000000ee500000,0x00000000ef880000)
  to   space 26112K, 0% used [0x00000000ec580000,0x00000000ec580000,0x00000000edf00000)
 ParOldGen       total 122880K, used 26485K [0x00000000a0000000, 0x00000000a7800000, 0x00000000e0000000)
  object space 122880K, 21% used [0x00000000a0000000,0x00000000a19dd598,0x00000000a7800000)
 Metaspace       used 62198K, capacity 64038K, committed 64256K, reserved 1105920K
  class space    used 8017K, capacity 8392K, committed 8448K, reserved 1048576K
Event: 2766.222 GC heap after
Heap after GC invocations=20 (full 3):
 PSYoungGen      total 228352K, used 13539K [0x00000000e0000000, 0x00000000f2280000, 0x0000000100000000)
  eden space 202240K, 0% used [0x00000000e0000000,0x00000000e0000000,0x00000000ec580000)
  from space 26112K, 51% used [0x00000000ec580000,0x00000000ed2b8c78,0x00000000edf00000)
  to   space 25600K, 0% used [0x00000000f0980000,0x00000000f0980000,0x00000000f2280000)
 ParOldGen       total 122880K, used 26493K [0x00000000a0000000, 0x00000000a7800000, 0x00000000e0000000)
  object space 122880K, 21% used [0x00000000a0000000,0x00000000a19df598,0x00000000a7800000)
 Metaspace       used 62198K, capacity 64038K, committed 64256K, reserved 1105920K
  class space    used 8017K, capacity 8392K, committed 8448K, reserved 1048576K
}
Event: 2766.273 GC heap before
{Heap before GC invocations=21 (full 3):
 PSYoungGen      total 228352K, used 215422K [0x00000000e0000000, 0x00000000f2280000, 0x0000000100000000)
  eden space 202240K, 99% used [0x00000000e0000000,0x00000000ec526dd0,0x00000000ec580000)
  from space 26112K, 51% used [0x00000000ec580000,0x00000000ed2b8c78,0x00000000edf00000)
  to   space 25600K, 0% used [0x00000000f0980000,0x00000000f0980000,0x00000000f2280000)
 ParOldGen       total 122880K, used 26493K [0x00000000a0000000, 0x00000000a7800000, 0x00000000e0000000)
  object space 122880K, 21% used [0x00000000a0000000,0x00000000a19df598,0x00000000a7800000)
 Metaspace       used 62208K, capacity 64038K, committed 64256K, reserved 1105920K
  class space    used 8017K, capacity 8392K, committed 8448K, reserved 1048576K
Event: 2766.287 GC heap after
Heap after GC invocations=21 (full 3):
 PSYoungGen      total 271360K, used 64K [0x00000000e0000000, 0x00000000f3e00000, 0x0000000100000000)
  eden space 245760K, 0% used [0x00000000e0000000,0x00000000e0000000,0x00000000ef000000)
  from space 25600K, 0% used [0x00000000f0980000,0x00000000f0990000,0x00000000f2280000)
  to   space 26112K, 0% used [0x00000000ef000000,0x00000000ef000000,0x00000000f0980000)
 ParOldGen       total 122880K, used 36438K [0x00000000a0000000, 0x00000000a7800000, 0x00000000e0000000)
  object space 122880K, 29% used [0x00000000a0000000,0x00000000a2395818,0x00000000a7800000)
 Metaspace       used 62208K, capacity 64038K, committed 64256K, reserved 1105920K
  class space    used 8017K, capacity 8392K, committed 8448K, reserved 1048576K
}
Event: 2774.615 GC heap before
{Heap before GC invocations=22 (full 3):
 PSYoungGen      total 271360K, used 245824K [0x00000000e0000000, 0x00000000f3e00000, 0x0000000100000000)
  eden space 245760K, 100% used [0x00000000e0000000,0x00000000ef000000,0x00000000ef000000)
  from space 25600K, 0% used [0x00000000f0980000,0x00000000f0990000,0x00000000f2280000)
  to   space 26112K, 0% used [0x00000000ef000000,0x00000000ef000000,0x00000000f0980000)
 ParOldGen       total 122880K, used 36438K [0x00000000a0000000, 0x00000000a7800000, 0x00000000e0000000)
  object space 122880K, 29% used [0x00000000a0000000,0x00000000a2395818,0x00000000a7800000)
 Metaspace       used 65962K, capacity 67958K, committed 68224K, reserved 1107968K
  class space    used 8349K, capacity 8730K, committed 8832K, reserved 1048576K
Event: 2774.653 GC heap after
Heap after GC invocations=22 (full 3):
 PSYoungGen      total 271872K, used 13488K [0x00000000e0000000, 0x00000000f7300000, 0x0000000100000000)
  eden space 245760K, 0% used [0x00000000e0000000,0x00000000e0000000,0x00000000ef000000)
  from space 26112K, 51% used [0x00000000ef000000,0x00000000efd2c238,0x00000000f0980000)
  to   space 25600K, 0% used [0x00000000f5a00000,0x00000000f5a00000,0x00000000f7300000)
 ParOldGen       total 122880K, used 36734K [0x00000000a0000000, 0x00000000a7800000, 0x00000000e0000000)
  object space 122880K, 29% used [0x00000000a0000000,0x00000000a23df830,0x00000000a7800000)
 Metaspace       used 65962K, capacity 67958K, committed 68224K, reserved 1107968K
  class space    used 8349K, capacity 8730K, committed 8832K, reserved 1048576K
}
Event: 2778.317 GC heap before
{Heap before GC invocations=23 (full 3):
 PSYoungGen      total 271872K, used 259248K [0x00000000e0000000, 0x00000000f7300000, 0x0000000100000000)
  eden space 245760K, 100% used [0x00000000e0000000,0x00000000ef000000,0x00000000ef000000)
  from space 26112K, 51% used [0x00000000ef000000,0x00000000efd2c238,0x00000000f0980000)
  to   space 25600K, 0% used [0x00000000f5a00000,0x00000000f5a00000,0x00000000f7300000)
 ParOldGen       total 122880K, used 36734K [0x00000000a0000000, 0x00000000a7800000, 0x00000000e0000000)
  object space 122880K, 29% used [0x00000000a0000000,0x00000000a23df830,0x00000000a7800000)
 Metaspace       used 66083K, capacity 68086K, committed 68224K, reserved 1107968K
  class space    used 8349K, capacity 8730K, committed 8832K, reserved 1048576K
Event: 2778.492 GC heap after
Heap after GC invocations=23 (full 3):
 PSYoungGen      total 271360K, used 25599K [0x00000000e0000000, 0x00000000f7300000, 0x0000000100000000)
  eden space 245760K, 0% used [0x00000000e0000000,0x00000000e0000000,0x00000000ef000000)
  from space 25600K, 99% used [0x00000000f5a00000,0x00000000f72fff50,0x00000000f7300000)
  to   space 26112K, 0% used [0x00000000ef000000,0x00000000ef000000,0x00000000f0980000)
 ParOldGen       total 122880K, used 47585K [0x00000000a0000000, 0x00000000a7800000, 0x00000000e0000000)
  object space 122880K, 38% used [0x00000000a0000000,0x00000000a2e785a8,0x00000000a7800000)
 Metaspace       used 66083K, capacity 68086K, committed 68224K, reserved 1107968K
  class space    used 8349K, capacity 8730K, committed 8832K, reserved 1048576K
}

